2023-06-30 18:14:06.912  INFO 6332 --- [main] com.logging.LoggingApplication           : Starting LoggingApplication using Java 17.0.6 on DESKTOP-J9UHF1L with PID 6332 (C:\Users\Admin\Documents\tools\logging\target\classes started by Admin in C:\Users\Admin\Documents\tools\logging)
2023-06-30 18:14:06.918  INFO 6332 --- [main] com.logging.LoggingApplication           : No active profile set, falling back to 1 default profile: "default"
2023-06-30 18:14:08.495  INFO 6332 --- [main] o.s.b.w.embedded.tomcat.TomcatWebServer  : Tomcat initialized with port(s): 8080 (http)
2023-06-30 18:14:08.521  INFO 6332 --- [main] o.apache.catalina.core.StandardService   : Starting service [Tomcat]
2023-06-30 18:14:08.522  INFO 6332 --- [main] org.apache.catalina.core.StandardEngine  : Starting Servlet engine: [Apache Tomcat/9.0.76]
2023-06-30 18:14:08.748  INFO 6332 --- [main] o.a.c.c.C.[Tomcat].[localhost].[/]       : Initializing Spring embedded WebApplicationContext
2023-06-30 18:14:08.749  INFO 6332 --- [main] w.s.c.ServletWebServerApplicationContext : Root WebApplicationContext: initialization completed in 1726 ms
2023-06-30 18:14:09.377  INFO 6332 --- [main] o.s.b.w.embedded.tomcat.TomcatWebServer  : Tomcat started on port(s): 8080 (http) with context path ''
2023-06-30 18:14:09.396  INFO 6332 --- [main] com.logging.LoggingApplication           : Started LoggingApplication in 3.162 seconds (JVM running for 4.476)
2023-06-30 18:14:20.008  INFO 6332 --- [http-nio-8080-exec-1] o.a.c.c.C.[Tomcat].[localhost].[/]       : Initializing Spring DispatcherServlet 'dispatcherServlet'
2023-06-30 18:14:20.009  INFO 6332 --- [http-nio-8080-exec-1] o.s.web.servlet.DispatcherServlet        : Initializing Servlet 'dispatcherServlet'
2023-06-30 18:14:20.011  INFO 6332 --- [http-nio-8080-exec-1] o.s.web.servlet.DispatcherServlet        : Completed initialization in 1 ms
2023-06-30 18:14:20.078  INFO 6332 --- [http-nio-8080-exec-1] com.logging.controller.TestController    : Greeting method logger implemented 
2023-06-30 18:14:26.110  INFO 6332 --- [http-nio-8080-exec-4] com.logging.controller.TestController    : Welcome method loggger implemented 
2023-06-30 18:17:59.669  INFO 6332 --- [RMI TCP Connection(11)-127.0.0.1] inMXBeanRegistrar$SpringApplicationAdmin : Application shutdown requested.
2023-06-30 18:17:59.708  INFO 6332 --- [RMI TCP Connection(11)-127.0.0.1] o.apache.catalina.core.StandardService   : Stopping service [Tomcat]
2023-06-30 18:17:59.713  INFO 6332 --- [RMI TCP Connection(11)-127.0.0.1] o.a.c.c.C.[Tomcat].[localhost].[/]       : Destroying Spring FrameworkServlet 'dispatcherServlet'
2023-06-30 18:18:09.552  INFO 10864 --- [main] com.logging.LoggingApplication           : Starting LoggingApplication using Java 17.0.6 on DESKTOP-J9UHF1L with PID 10864 (C:\Users\Admin\Documents\tools\logging\target\classes started by Admin in C:\Users\Admin\Documents\tools\logging)
2023-06-30 18:18:09.558  INFO 10864 --- [main] com.logging.LoggingApplication           : No active profile set, falling back to 1 default profile: "default"
2023-06-30 18:18:11.066  INFO 10864 --- [main] o.s.b.w.embedded.tomcat.TomcatWebServer  : Tomcat initialized with port(s): 8080 (http)
2023-06-30 18:18:11.089  INFO 10864 --- [main] o.apache.catalina.core.StandardService   : Starting service [Tomcat]
2023-06-30 18:18:11.090  INFO 10864 --- [main] org.apache.catalina.core.StandardEngine  : Starting Servlet engine: [Apache Tomcat/9.0.76]
2023-06-30 18:18:11.290  INFO 10864 --- [main] o.a.c.c.C.[Tomcat].[localhost].[/]       : Initializing Spring embedded WebApplicationContext
2023-06-30 18:18:11.291  INFO 10864 --- [main] w.s.c.ServletWebServerApplicationContext : Root WebApplicationContext: initialization completed in 1622 ms
2023-06-30 18:18:11.901  INFO 10864 --- [main] o.s.b.w.embedded.tomcat.TomcatWebServer  : Tomcat started on port(s): 8080 (http) with context path ''
2023-06-30 18:18:11.918  INFO 10864 --- [main] com.logging.LoggingApplication           : Started LoggingApplication in 3.031 seconds (JVM running for 4.43)
2023-06-30 18:18:28.207  INFO 10864 --- [http-nio-8080-exec-2] o.a.c.c.C.[Tomcat].[localhost].[/]       : Initializing Spring DispatcherServlet 'dispatcherServlet'
2023-06-30 18:18:28.209  INFO 10864 --- [http-nio-8080-exec-2] o.s.web.servlet.DispatcherServlet        : Initializing Servlet 'dispatcherServlet'
2023-06-30 18:18:28.211  INFO 10864 --- [http-nio-8080-exec-2] o.s.web.servlet.DispatcherServlet        : Completed initialization in 1 ms
2023-06-30 18:18:28.276 ERROR 10864 --- [http-nio-8080-exec-2] com.logging.controller.TestController    : Error occured
2023-06-30 18:18:28.277  INFO 10864 --- [http-nio-8080-exec-2] com.logging.controller.TestController    : Welcome method loggger implemented 
2023-06-30 18:18:29.221 ERROR 10864 --- [http-nio-8080-exec-1] com.logging.controller.TestController    : Error occured
2023-06-30 18:18:29.223  INFO 10864 --- [http-nio-8080-exec-1] com.logging.controller.TestController    : Welcome method loggger implemented 
2023-06-30 18:18:30.173 ERROR 10864 --- [http-nio-8080-exec-3] com.logging.controller.TestController    : Error occured
2023-06-30 18:18:30.177  INFO 10864 --- [http-nio-8080-exec-3] com.logging.controller.TestController    : Welcome method loggger implemented 
2023-06-30 18:18:30.906 ERROR 10864 --- [http-nio-8080-exec-4] com.logging.controller.TestController    : Error occured
2023-06-30 18:18:30.907  INFO 10864 --- [http-nio-8080-exec-4] com.logging.controller.TestController    : Welcome method loggger implemented 
2023-06-30 18:18:31.078 ERROR 10864 --- [http-nio-8080-exec-5] com.logging.controller.TestController    : Error occured
2023-06-30 18:18:31.079  INFO 10864 --- [http-nio-8080-exec-5] com.logging.controller.TestController    : Welcome method loggger implemented 
2023-06-30 18:18:31.249 ERROR 10864 --- [http-nio-8080-exec-6] com.logging.controller.TestController    : Error occured
2023-06-30 18:18:31.249  INFO 10864 --- [http-nio-8080-exec-6] com.logging.controller.TestController    : Welcome method loggger implemented 
2023-06-30 18:18:31.424 ERROR 10864 --- [http-nio-8080-exec-7] com.logging.controller.TestController    : Error occured
2023-06-30 18:18:31.425  INFO 10864 --- [http-nio-8080-exec-7] com.logging.controller.TestController    : Welcome method loggger implemented 
2023-06-30 18:18:31.575 ERROR 10864 --- [http-nio-8080-exec-8] com.logging.controller.TestController    : Error occured
2023-06-30 18:18:31.576  INFO 10864 --- [http-nio-8080-exec-8] com.logging.controller.TestController    : Welcome method loggger implemented 
2023-06-30 18:18:31.782 ERROR 10864 --- [http-nio-8080-exec-9] com.logging.controller.TestController    : Error occured
2023-06-30 18:18:31.783  INFO 10864 --- [http-nio-8080-exec-9] com.logging.controller.TestController    : Welcome method loggger implemented 
2023-06-30 18:18:32.146 ERROR 10864 --- [http-nio-8080-exec-10] com.logging.controller.TestController    : Error occured
2023-06-30 18:18:32.147  INFO 10864 --- [http-nio-8080-exec-10] com.logging.controller.TestController    : Welcome method loggger implemented 
2023-06-30 18:18:40.389 ERROR 10864 --- [http-nio-8080-exec-3] com.logging.controller.TestController    : Error occured
2023-06-30 18:18:40.390  INFO 10864 --- [http-nio-8080-exec-3] com.logging.controller.TestController    : Welcome method loggger implemented 
2023-06-30 18:18:48.377  WARN 10864 --- [http-nio-8080-exec-6] com.logging.controller.TestController    : Greeting to page
2023-06-30 18:18:48.378  INFO 10864 --- [http-nio-8080-exec-6] com.logging.controller.TestController    : Greeting method logger implemented 
2023-06-30 18:18:52.209  WARN 10864 --- [http-nio-8080-exec-7] com.logging.controller.TestController    : Greeting to page
2023-06-30 18:18:52.210  INFO 10864 --- [http-nio-8080-exec-7] com.logging.controller.TestController    : Greeting method logger implemented 
2023-06-30 18:18:52.356  WARN 10864 --- [http-nio-8080-exec-8] com.logging.controller.TestController    : Greeting to page
2023-06-30 18:18:52.357  INFO 10864 --- [http-nio-8080-exec-8] com.logging.controller.TestController    : Greeting method logger implemented 
2023-06-30 18:18:52.505  WARN 10864 --- [http-nio-8080-exec-9] com.logging.controller.TestController    : Greeting to page
2023-06-30 18:18:52.506  INFO 10864 --- [http-nio-8080-exec-9] com.logging.controller.TestController    : Greeting method logger implemented 
2023-06-30 18:18:52.730  WARN 10864 --- [http-nio-8080-exec-1] com.logging.controller.TestController    : Greeting to page
2023-06-30 18:18:52.731  INFO 10864 --- [http-nio-8080-exec-1] com.logging.controller.TestController    : Greeting method logger implemented 
